07/Nov/2022 09:57:25 [Dummy-1:15000] [django.db.backends:109] [DEBUG]- (0.006) 
            SELECT c.relname, c.relkind
            FROM pg_catalog.pg_class c
            LEFT JOIN pg_catalog.pg_namespace n ON n.oid = c.relnamespace
            WHERE c.relkind IN ('r', 'v')
                AND n.nspname NOT IN ('pg_catalog', 'pg_toast')
                AND pg_catalog.pg_table_is_visible(c.oid); args=None
07/Nov/2022 09:57:25 [Dummy-1:15000] [django.db.backends:109] [DEBUG]- (0.002) SELECT "django_migrations"."app", "django_migrations"."name" FROM "django_migrations"; args=()
07/Nov/2022 09:57:31 [Thread-2:4808] [django.security.csrf:222] [WARNING]- Forbidden (CSRF cookie not set.): /api/users/login
07/Nov/2022 09:57:31 [Thread-2:4808] [django.server:154] [WARNING]- "POST /api/users/login HTTP/1.1" 403 2868
07/Nov/2022 09:59:50 [Dummy-1:5104] [django.db.backends:109] [DEBUG]- (0.005) 
            SELECT c.relname, c.relkind
            FROM pg_catalog.pg_class c
            LEFT JOIN pg_catalog.pg_namespace n ON n.oid = c.relnamespace
            WHERE c.relkind IN ('r', 'v')
                AND n.nspname NOT IN ('pg_catalog', 'pg_toast')
                AND pg_catalog.pg_table_is_visible(c.oid); args=None
07/Nov/2022 09:59:50 [Dummy-1:5104] [django.db.backends:109] [DEBUG]- (0.001) SELECT "django_migrations"."app", "django_migrations"."name" FROM "django_migrations"; args=()
07/Nov/2022 09:59:51 [Thread-2:4544] [django.security.csrf:222] [WARNING]- Forbidden (CSRF cookie not set.): /api/users/login
07/Nov/2022 09:59:51 [Thread-2:4544] [django.server:154] [WARNING]- "POST /api/users/login HTTP/1.1" 403 2868
07/Nov/2022 09:59:52 [Thread-2:4544] [django.security.csrf:222] [WARNING]- Forbidden (CSRF cookie not set.): /api/users/login
07/Nov/2022 09:59:52 [Thread-2:4544] [django.server:154] [WARNING]- "POST /api/users/login HTTP/1.1" 403 2868
07/Nov/2022 10:00:36 [Dummy-1:20728] [django.db.backends:109] [DEBUG]- (0.004) 
            SELECT c.relname, c.relkind
            FROM pg_catalog.pg_class c
            LEFT JOIN pg_catalog.pg_namespace n ON n.oid = c.relnamespace
            WHERE c.relkind IN ('r', 'v')
                AND n.nspname NOT IN ('pg_catalog', 'pg_toast')
                AND pg_catalog.pg_table_is_visible(c.oid); args=None
07/Nov/2022 10:00:36 [Dummy-1:20728] [django.db.backends:109] [DEBUG]- (0.002) SELECT "django_migrations"."app", "django_migrations"."name" FROM "django_migrations"; args=()
07/Nov/2022 10:05:31 [Dummy-1:20796] [django.db.backends:109] [DEBUG]- (0.006) 
            SELECT c.relname, c.relkind
            FROM pg_catalog.pg_class c
            LEFT JOIN pg_catalog.pg_namespace n ON n.oid = c.relnamespace
            WHERE c.relkind IN ('r', 'v')
                AND n.nspname NOT IN ('pg_catalog', 'pg_toast')
                AND pg_catalog.pg_table_is_visible(c.oid); args=None
07/Nov/2022 10:05:31 [Dummy-1:20796] [django.db.backends:109] [DEBUG]- (0.002) SELECT "django_migrations"."app", "django_migrations"."name" FROM "django_migrations"; args=()
07/Nov/2022 10:07:28 [Dummy-1:19676] [django.db.backends:109] [DEBUG]- (0.006) 
            SELECT c.relname, c.relkind
            FROM pg_catalog.pg_class c
            LEFT JOIN pg_catalog.pg_namespace n ON n.oid = c.relnamespace
            WHERE c.relkind IN ('r', 'v')
                AND n.nspname NOT IN ('pg_catalog', 'pg_toast')
                AND pg_catalog.pg_table_is_visible(c.oid); args=None
07/Nov/2022 10:07:28 [Dummy-1:19676] [django.db.backends:109] [DEBUG]- (0.001) SELECT "django_migrations"."app", "django_migrations"."name" FROM "django_migrations"; args=()
07/Nov/2022 10:10:49 [Dummy-1:21920] [django.db.backends:109] [DEBUG]- (0.005) 
            SELECT c.relname, c.relkind
            FROM pg_catalog.pg_class c
            LEFT JOIN pg_catalog.pg_namespace n ON n.oid = c.relnamespace
            WHERE c.relkind IN ('r', 'v')
                AND n.nspname NOT IN ('pg_catalog', 'pg_toast')
                AND pg_catalog.pg_table_is_visible(c.oid); args=None
07/Nov/2022 10:10:49 [Dummy-1:21920] [django.db.backends:109] [DEBUG]- (0.001) SELECT "django_migrations"."app", "django_migrations"."name" FROM "django_migrations"; args=()
07/Nov/2022 10:10:49 [Thread-2:22036] [django.db.backends:109] [DEBUG]- (0.011) SELECT "users"."id", "users"."created_at", "users"."updated_at", "users"."format_created_at", "users"."format_updated_at", "users"."first_name", "users"."last_name", "users"."email", "users"."gender", "users"."password" FROM "users" WHERE ("users"."email" = '1@1.com' AND "users"."password" = '123654') ORDER BY "users"."id" ASC  LIMIT 1; args=('1@1.com', '123654')
07/Nov/2022 10:10:49 [Thread-2:22036] [django.server:154] [ERROR]- "POST /api/users/login HTTP/1.1" 500 74108
07/Nov/2022 10:11:10 [Dummy-1:10156] [django.db.backends:109] [DEBUG]- (0.004) 
            SELECT c.relname, c.relkind
            FROM pg_catalog.pg_class c
            LEFT JOIN pg_catalog.pg_namespace n ON n.oid = c.relnamespace
            WHERE c.relkind IN ('r', 'v')
                AND n.nspname NOT IN ('pg_catalog', 'pg_toast')
                AND pg_catalog.pg_table_is_visible(c.oid); args=None
07/Nov/2022 10:11:10 [Dummy-1:10156] [django.db.backends:109] [DEBUG]- (0.001) SELECT "django_migrations"."app", "django_migrations"."name" FROM "django_migrations"; args=()
07/Nov/2022 10:11:11 [Thread-2:13680] [django.db.backends:109] [DEBUG]- (0.002) SELECT "users"."id", "users"."created_at", "users"."updated_at", "users"."format_created_at", "users"."format_updated_at", "users"."first_name", "users"."last_name", "users"."email", "users"."gender", "users"."password" FROM "users" WHERE ("users"."email" = '1@1.com' AND "users"."password" = '123654') ORDER BY "users"."id" ASC  LIMIT 1; args=('1@1.com', '123654')
07/Nov/2022 10:11:11 [Thread-2:13680] [django.server:154] [INFO]- "POST /api/users/login HTTP/1.1" 200 187
07/Nov/2022 10:11:19 [Thread-2:13680] [django.db.backends:109] [DEBUG]- (0.002) SELECT "users"."id", "users"."created_at", "users"."updated_at", "users"."format_created_at", "users"."format_updated_at", "users"."first_name", "users"."last_name", "users"."email", "users"."gender", "users"."password" FROM "users" WHERE ("users"."email" = '1@1.com' AND "users"."password" = '12365') ORDER BY "users"."id" ASC  LIMIT 1; args=('1@1.com', '12365')
07/Nov/2022 10:11:19 [Thread-2:13680] [django.server:154] [ERROR]- "POST /api/users/login HTTP/1.1" 500 74108
07/Nov/2022 10:12:32 [Dummy-1:23644] [django.db.backends:109] [DEBUG]- (0.005) 
            SELECT c.relname, c.relkind
            FROM pg_catalog.pg_class c
            LEFT JOIN pg_catalog.pg_namespace n ON n.oid = c.relnamespace
            WHERE c.relkind IN ('r', 'v')
                AND n.nspname NOT IN ('pg_catalog', 'pg_toast')
                AND pg_catalog.pg_table_is_visible(c.oid); args=None
07/Nov/2022 10:12:32 [Dummy-1:23644] [django.db.backends:109] [DEBUG]- (0.001) SELECT "django_migrations"."app", "django_migrations"."name" FROM "django_migrations"; args=()
07/Nov/2022 10:12:34 [Thread-2:17316] [django.db.backends:109] [DEBUG]- (0.003) SELECT "users"."id", "users"."created_at", "users"."updated_at", "users"."format_created_at", "users"."format_updated_at", "users"."first_name", "users"."last_name", "users"."email", "users"."gender", "users"."password" FROM "users" WHERE ("users"."email" = '1@1.com' AND "users"."password" = '123654') ORDER BY "users"."id" ASC  LIMIT 1; args=('1@1.com', '123654')
07/Nov/2022 10:12:34 [Thread-2:17316] [django.server:154] [INFO]- "POST /api/users/login HTTP/1.1" 200 187
07/Nov/2022 10:12:42 [Thread-2:17316] [django.db.backends:109] [DEBUG]- (0.002) SELECT "users"."id", "users"."created_at", "users"."updated_at", "users"."format_created_at", "users"."format_updated_at", "users"."first_name", "users"."last_name", "users"."email", "users"."gender", "users"."password" FROM "users" WHERE ("users"."email" = '1@1.com' AND "users"."password" = '12365') ORDER BY "users"."id" ASC  LIMIT 1; args=('1@1.com', '12365')
07/Nov/2022 10:12:42 [Thread-2:17316] [django.server:154] [ERROR]- "POST /api/users/login HTTP/1.1" 500 74108
07/Nov/2022 10:12:58 [Thread-2:17316] [django.db.backends:109] [DEBUG]- (0.002) SELECT "users"."id", "users"."created_at", "users"."updated_at", "users"."format_created_at", "users"."format_updated_at", "users"."first_name", "users"."last_name", "users"."email", "users"."gender", "users"."password" FROM "users" WHERE ("users"."email" = '1@1.com' AND "users"."password" = '12365') ORDER BY "users"."id" ASC  LIMIT 1; args=('1@1.com', '12365')
07/Nov/2022 10:12:59 [Thread-2:17316] [django.server:154] [ERROR]- "POST /api/users/login HTTP/1.1" 500 74108
07/Nov/2022 10:13:29 [Dummy-1:21760] [django.db.backends:109] [DEBUG]- (0.006) 
            SELECT c.relname, c.relkind
            FROM pg_catalog.pg_class c
            LEFT JOIN pg_catalog.pg_namespace n ON n.oid = c.relnamespace
            WHERE c.relkind IN ('r', 'v')
                AND n.nspname NOT IN ('pg_catalog', 'pg_toast')
                AND pg_catalog.pg_table_is_visible(c.oid); args=None
07/Nov/2022 10:13:29 [Dummy-1:21760] [django.db.backends:109] [DEBUG]- (0.001) SELECT "django_migrations"."app", "django_migrations"."name" FROM "django_migrations"; args=()
07/Nov/2022 10:13:30 [Thread-2:22088] [django.db.backends:109] [DEBUG]- (0.002) SELECT "users"."id", "users"."created_at", "users"."updated_at", "users"."format_created_at", "users"."format_updated_at", "users"."first_name", "users"."last_name", "users"."email", "users"."gender", "users"."password" FROM "users" WHERE "users"."email" = '1@1.com' ORDER BY "users"."id" ASC  LIMIT 1; args=('1@1.com',)
07/Nov/2022 10:13:30 [Thread-2:22088] [django.server:154] [ERROR]- "POST /api/users/login HTTP/1.1" 500 74108
07/Nov/2022 10:14:44 [Dummy-1:17824] [django.db.backends:109] [DEBUG]- (0.005) 
            SELECT c.relname, c.relkind
            FROM pg_catalog.pg_class c
            LEFT JOIN pg_catalog.pg_namespace n ON n.oid = c.relnamespace
            WHERE c.relkind IN ('r', 'v')
                AND n.nspname NOT IN ('pg_catalog', 'pg_toast')
                AND pg_catalog.pg_table_is_visible(c.oid); args=None
07/Nov/2022 10:14:44 [Dummy-1:17824] [django.db.backends:109] [DEBUG]- (0.001) SELECT "django_migrations"."app", "django_migrations"."name" FROM "django_migrations"; args=()
07/Nov/2022 10:14:44 [Thread-2:10000] [django.db.backends:109] [DEBUG]- (0.005) SELECT "users"."id", "users"."created_at", "users"."updated_at", "users"."format_created_at", "users"."format_updated_at", "users"."first_name", "users"."last_name", "users"."email", "users"."gender", "users"."password" FROM "users" WHERE "users"."email" = '1@1.com' ORDER BY "users"."id" ASC  LIMIT 1; args=('1@1.com',)
07/Nov/2022 10:14:44 [Thread-2:10000] [django.server:154] [INFO]- "POST /api/users/login HTTP/1.1" 200 53
07/Nov/2022 10:15:33 [Dummy-1:7108] [django.db.backends:109] [DEBUG]- (0.006) 
            SELECT c.relname, c.relkind
            FROM pg_catalog.pg_class c
            LEFT JOIN pg_catalog.pg_namespace n ON n.oid = c.relnamespace
            WHERE c.relkind IN ('r', 'v')
                AND n.nspname NOT IN ('pg_catalog', 'pg_toast')
                AND pg_catalog.pg_table_is_visible(c.oid); args=None
07/Nov/2022 10:15:33 [Dummy-1:7108] [django.db.backends:109] [DEBUG]- (0.002) SELECT "django_migrations"."app", "django_migrations"."name" FROM "django_migrations"; args=()
07/Nov/2022 10:19:05 [Thread-2:13980] [django.db.backends:109] [DEBUG]- (0.003) SELECT "users"."id", "users"."created_at", "users"."updated_at", "users"."format_created_at", "users"."format_updated_at", "users"."first_name", "users"."last_name", "users"."email", "users"."gender", "users"."password" FROM "users" WHERE "users"."email" = '1@1.com' ORDER BY "users"."id" ASC  LIMIT 1; args=('1@1.com',)
07/Nov/2022 10:19:05 [Thread-2:13980] [django.server:154] [INFO]- "POST /api/users/login HTTP/1.1" 200 187
07/Nov/2022 10:23:07 [Dummy-1:16824] [django.db.backends:109] [DEBUG]- (0.004) 
            SELECT c.relname, c.relkind
            FROM pg_catalog.pg_class c
            LEFT JOIN pg_catalog.pg_namespace n ON n.oid = c.relnamespace
            WHERE c.relkind IN ('r', 'v')
                AND n.nspname NOT IN ('pg_catalog', 'pg_toast')
                AND pg_catalog.pg_table_is_visible(c.oid); args=None
07/Nov/2022 10:23:07 [Dummy-1:16824] [django.db.backends:109] [DEBUG]- (0.001) SELECT "django_migrations"."app", "django_migrations"."name" FROM "django_migrations"; args=()
07/Nov/2022 10:23:31 [Dummy-1:18936] [django.db.backends:109] [DEBUG]- (0.005) 
            SELECT c.relname, c.relkind
            FROM pg_catalog.pg_class c
            LEFT JOIN pg_catalog.pg_namespace n ON n.oid = c.relnamespace
            WHERE c.relkind IN ('r', 'v')
                AND n.nspname NOT IN ('pg_catalog', 'pg_toast')
                AND pg_catalog.pg_table_is_visible(c.oid); args=None
07/Nov/2022 10:23:31 [Dummy-1:18936] [django.db.backends:109] [DEBUG]- (0.001) SELECT "django_migrations"."app", "django_migrations"."name" FROM "django_migrations"; args=()
07/Nov/2022 10:25:36 [Dummy-1:21696] [django.db.backends:109] [DEBUG]- (0.006) 
            SELECT c.relname, c.relkind
            FROM pg_catalog.pg_class c
            LEFT JOIN pg_catalog.pg_namespace n ON n.oid = c.relnamespace
            WHERE c.relkind IN ('r', 'v')
                AND n.nspname NOT IN ('pg_catalog', 'pg_toast')
                AND pg_catalog.pg_table_is_visible(c.oid); args=None
07/Nov/2022 10:25:36 [Dummy-1:21696] [django.db.backends:109] [DEBUG]- (0.002) SELECT "django_migrations"."app", "django_migrations"."name" FROM "django_migrations"; args=()
07/Nov/2022 10:25:51 [Dummy-1:21428] [django.db.backends:109] [DEBUG]- (0.007) 
            SELECT c.relname, c.relkind
            FROM pg_catalog.pg_class c
            LEFT JOIN pg_catalog.pg_namespace n ON n.oid = c.relnamespace
            WHERE c.relkind IN ('r', 'v')
                AND n.nspname NOT IN ('pg_catalog', 'pg_toast')
                AND pg_catalog.pg_table_is_visible(c.oid); args=None
07/Nov/2022 10:25:51 [Dummy-1:21428] [django.db.backends:109] [DEBUG]- (0.001) SELECT "django_migrations"."app", "django_migrations"."name" FROM "django_migrations"; args=()
07/Nov/2022 10:26:03 [Dummy-1:17712] [django.db.backends:109] [DEBUG]- (0.005) 
            SELECT c.relname, c.relkind
            FROM pg_catalog.pg_class c
            LEFT JOIN pg_catalog.pg_namespace n ON n.oid = c.relnamespace
            WHERE c.relkind IN ('r', 'v')
                AND n.nspname NOT IN ('pg_catalog', 'pg_toast')
                AND pg_catalog.pg_table_is_visible(c.oid); args=None
07/Nov/2022 10:26:03 [Dummy-1:17712] [django.db.backends:109] [DEBUG]- (0.001) SELECT "django_migrations"."app", "django_migrations"."name" FROM "django_migrations"; args=()
07/Nov/2022 10:29:05 [Dummy-1:17156] [django.db.backends:109] [DEBUG]- (0.008) 
            SELECT c.relname, c.relkind
            FROM pg_catalog.pg_class c
            LEFT JOIN pg_catalog.pg_namespace n ON n.oid = c.relnamespace
            WHERE c.relkind IN ('r', 'v')
                AND n.nspname NOT IN ('pg_catalog', 'pg_toast')
                AND pg_catalog.pg_table_is_visible(c.oid); args=None
07/Nov/2022 10:29:05 [Dummy-1:17156] [django.db.backends:109] [DEBUG]- (0.002) SELECT "django_migrations"."app", "django_migrations"."name" FROM "django_migrations"; args=()
07/Nov/2022 10:32:25 [Thread-2:17184] [django.server:154] [WARNING]- "POST /api/users/change-password HTTP/1.1" 403 26
07/Nov/2022 10:32:48 [Thread-2:17184] [django.db.backends:109] [DEBUG]- (0.002) SELECT "users"."id", "users"."created_at", "users"."updated_at", "users"."format_created_at", "users"."format_updated_at", "users"."first_name", "users"."last_name", "users"."email", "users"."gender", "users"."password" FROM "users" WHERE "users"."email" = '1@1.com' ORDER BY "users"."id" ASC  LIMIT 1; args=('1@1.com',)
07/Nov/2022 10:32:48 [Thread-2:17184] [django.db.backends:109] [DEBUG]- (0.001) SELECT "users"."id", "users"."created_at", "users"."updated_at", "users"."format_created_at", "users"."format_updated_at", "users"."first_name", "users"."last_name", "users"."email", "users"."gender", "users"."password" FROM "users" WHERE "users"."email" = '1@1.com' ORDER BY "users"."id" ASC  LIMIT 1; args=('1@1.com',)
07/Nov/2022 10:32:48 [Thread-2:17184] [django.server:154] [ERROR]- "POST /api/users/change-password HTTP/1.1" 500 18094
07/Nov/2022 10:34:33 [Dummy-1:19932] [django.db.backends:109] [DEBUG]- (0.006) 
            SELECT c.relname, c.relkind
            FROM pg_catalog.pg_class c
            LEFT JOIN pg_catalog.pg_namespace n ON n.oid = c.relnamespace
            WHERE c.relkind IN ('r', 'v')
                AND n.nspname NOT IN ('pg_catalog', 'pg_toast')
                AND pg_catalog.pg_table_is_visible(c.oid); args=None
07/Nov/2022 10:34:33 [Dummy-1:19932] [django.db.backends:109] [DEBUG]- (0.001) SELECT "django_migrations"."app", "django_migrations"."name" FROM "django_migrations"; args=()
07/Nov/2022 10:35:44 [Dummy-1:18768] [django.db.backends:109] [DEBUG]- (0.005) 
            SELECT c.relname, c.relkind
            FROM pg_catalog.pg_class c
            LEFT JOIN pg_catalog.pg_namespace n ON n.oid = c.relnamespace
            WHERE c.relkind IN ('r', 'v')
                AND n.nspname NOT IN ('pg_catalog', 'pg_toast')
                AND pg_catalog.pg_table_is_visible(c.oid); args=None
07/Nov/2022 10:35:44 [Dummy-1:18768] [django.db.backends:109] [DEBUG]- (0.001) SELECT "django_migrations"."app", "django_migrations"."name" FROM "django_migrations"; args=()
07/Nov/2022 10:35:45 [Thread-2:19852] [django.db.backends:109] [DEBUG]- (0.003) SELECT "users"."id", "users"."created_at", "users"."updated_at", "users"."format_created_at", "users"."format_updated_at", "users"."first_name", "users"."last_name", "users"."email", "users"."gender", "users"."password" FROM "users" WHERE "users"."email" = '1@1.com' ORDER BY "users"."id" ASC  LIMIT 1; args=('1@1.com',)
07/Nov/2022 10:35:45 [Thread-2:19852] [django.db.backends:109] [DEBUG]- (0.000) SELECT "users"."id", "users"."created_at", "users"."updated_at", "users"."format_created_at", "users"."format_updated_at", "users"."first_name", "users"."last_name", "users"."email", "users"."gender", "users"."password" FROM "users" WHERE "users"."email" = '1@1.com' ORDER BY "users"."id" ASC  LIMIT 1; args=('1@1.com',)
07/Nov/2022 10:35:45 [Thread-2:19852] [django.db.backends:109] [DEBUG]- (0.030) UPDATE "users" SET "password" = '123456' WHERE "users"."email" = '1@1.com'; args=('123456', '1@1.com')
07/Nov/2022 10:35:45 [Thread-2:19852] [django.server:154] [INFO]- "POST /api/users/change-password HTTP/1.1" 200 57
07/Nov/2022 10:36:55 [Dummy-1:4200] [django.db.backends:109] [DEBUG]- (0.006) 
            SELECT c.relname, c.relkind
            FROM pg_catalog.pg_class c
            LEFT JOIN pg_catalog.pg_namespace n ON n.oid = c.relnamespace
            WHERE c.relkind IN ('r', 'v')
                AND n.nspname NOT IN ('pg_catalog', 'pg_toast')
                AND pg_catalog.pg_table_is_visible(c.oid); args=None
07/Nov/2022 10:36:55 [Dummy-1:4200] [django.db.backends:109] [DEBUG]- (0.001) SELECT "django_migrations"."app", "django_migrations"."name" FROM "django_migrations"; args=()
07/Nov/2022 10:36:58 [Thread-2:22236] [django.db.backends:109] [DEBUG]- (0.002) SELECT "users"."id", "users"."created_at", "users"."updated_at", "users"."format_created_at", "users"."format_updated_at", "users"."first_name", "users"."last_name", "users"."email", "users"."gender", "users"."password" FROM "users" WHERE "users"."email" = '1@1.com' ORDER BY "users"."id" ASC  LIMIT 1; args=('1@1.com',)
07/Nov/2022 10:36:58 [Thread-2:22236] [django.db.backends:109] [DEBUG]- (0.001) SELECT "users"."id", "users"."created_at", "users"."updated_at", "users"."format_created_at", "users"."format_updated_at", "users"."first_name", "users"."last_name", "users"."email", "users"."gender", "users"."password" FROM "users" WHERE "users"."email" = '1@1.com'; args=('1@1.com',)
07/Nov/2022 10:36:58 [Thread-2:22236] [django.server:154] [ERROR]- "POST /api/users/change-password HTTP/1.1" 500 18100
07/Nov/2022 10:37:59 [Dummy-1:20700] [django.db.backends:109] [DEBUG]- (0.005) 
            SELECT c.relname, c.relkind
            FROM pg_catalog.pg_class c
            LEFT JOIN pg_catalog.pg_namespace n ON n.oid = c.relnamespace
            WHERE c.relkind IN ('r', 'v')
                AND n.nspname NOT IN ('pg_catalog', 'pg_toast')
                AND pg_catalog.pg_table_is_visible(c.oid); args=None
07/Nov/2022 10:37:59 [Dummy-1:20700] [django.db.backends:109] [DEBUG]- (0.001) SELECT "django_migrations"."app", "django_migrations"."name" FROM "django_migrations"; args=()
07/Nov/2022 10:38:00 [Thread-2:16736] [django.db.backends:109] [DEBUG]- (0.003) SELECT "users"."id", "users"."created_at", "users"."updated_at", "users"."format_created_at", "users"."format_updated_at", "users"."first_name", "users"."last_name", "users"."email", "users"."gender", "users"."password" FROM "users" WHERE "users"."email" = '1@1.com' ORDER BY "users"."id" ASC  LIMIT 1; args=('1@1.com',)
07/Nov/2022 10:38:00 [Thread-2:16736] [django.db.backends:109] [DEBUG]- (0.000) SELECT "users"."id", "users"."created_at", "users"."updated_at", "users"."format_created_at", "users"."format_updated_at", "users"."first_name", "users"."last_name", "users"."email", "users"."gender", "users"."password" FROM "users" WHERE "users"."email" = '1@1.com' ORDER BY "users"."id" ASC  LIMIT 1; args=('1@1.com',)
07/Nov/2022 10:38:00 [Thread-2:16736] [django.server:154] [INFO]- "POST /api/users/change-password HTTP/1.1" 200 53
07/Nov/2022 10:38:12 [Thread-2:16736] [django.db.backends:109] [DEBUG]- (0.002) SELECT "users"."id", "users"."created_at", "users"."updated_at", "users"."format_created_at", "users"."format_updated_at", "users"."first_name", "users"."last_name", "users"."email", "users"."gender", "users"."password" FROM "users" WHERE "users"."email" = '1@1.com' ORDER BY "users"."id" ASC  LIMIT 1; args=('1@1.com',)
07/Nov/2022 10:38:12 [Thread-2:16736] [django.db.backends:109] [DEBUG]- (0.000) SELECT "users"."id", "users"."created_at", "users"."updated_at", "users"."format_created_at", "users"."format_updated_at", "users"."first_name", "users"."last_name", "users"."email", "users"."gender", "users"."password" FROM "users" WHERE "users"."email" = '1@1.com' ORDER BY "users"."id" ASC  LIMIT 1; args=('1@1.com',)
07/Nov/2022 10:38:12 [Thread-2:16736] [django.db.backends:109] [DEBUG]- (0.012) UPDATE "users" SET "password" = '123654' WHERE "users"."email" = '1@1.com'; args=('123654', '1@1.com')
07/Nov/2022 10:38:12 [Thread-2:16736] [django.server:154] [INFO]- "POST /api/users/change-password HTTP/1.1" 200 61
07/Nov/2022 10:52:58 [Thread-2:16736] [django.db.backends:109] [DEBUG]- (0.016) SELECT "users"."id", "users"."created_at", "users"."updated_at", "users"."format_created_at", "users"."format_updated_at", "users"."first_name", "users"."last_name", "users"."email", "users"."gender", "users"."password" FROM "users" WHERE "users"."email" = '1@1.com' ORDER BY "users"."id" ASC  LIMIT 1; args=('1@1.com',)
07/Nov/2022 10:52:58 [Thread-2:16736] [django.db.backends:109] [DEBUG]- (0.000) SELECT "users"."id", "users"."created_at", "users"."updated_at", "users"."format_created_at", "users"."format_updated_at", "users"."first_name", "users"."last_name", "users"."email", "users"."gender", "users"."password" FROM "users" WHERE "users"."email" = '1@1.com' ORDER BY "users"."id" ASC  LIMIT 1; args=('1@1.com',)
07/Nov/2022 10:52:58 [Thread-2:16736] [django.server:154] [INFO]- "POST /api/users/change-password HTTP/1.1" 200 53
07/Nov/2022 10:53:07 [Thread-2:16736] [django.db.backends:109] [DEBUG]- (0.004) SELECT "users"."id", "users"."created_at", "users"."updated_at", "users"."format_created_at", "users"."format_updated_at", "users"."first_name", "users"."last_name", "users"."email", "users"."gender", "users"."password" FROM "users" WHERE "users"."email" = '1@1.com' ORDER BY "users"."id" ASC  LIMIT 1; args=('1@1.com',)
07/Nov/2022 10:53:07 [Thread-2:16736] [django.db.backends:109] [DEBUG]- (0.000) SELECT "users"."id", "users"."created_at", "users"."updated_at", "users"."format_created_at", "users"."format_updated_at", "users"."first_name", "users"."last_name", "users"."email", "users"."gender", "users"."password" FROM "users" WHERE "users"."email" = '1@1.com' ORDER BY "users"."id" ASC  LIMIT 1; args=('1@1.com',)
07/Nov/2022 10:53:07 [Thread-2:16736] [django.server:154] [INFO]- "POST /api/users/change-password HTTP/1.1" 200 52
07/Nov/2022 11:06:50 [Dummy-1:10760] [django.db.backends:109] [DEBUG]- (0.007) 
            SELECT c.relname, c.relkind
            FROM pg_catalog.pg_class c
            LEFT JOIN pg_catalog.pg_namespace n ON n.oid = c.relnamespace
            WHERE c.relkind IN ('r', 'v')
                AND n.nspname NOT IN ('pg_catalog', 'pg_toast')
                AND pg_catalog.pg_table_is_visible(c.oid); args=None
07/Nov/2022 11:06:50 [Dummy-1:10760] [django.db.backends:109] [DEBUG]- (0.001) SELECT "django_migrations"."app", "django_migrations"."name" FROM "django_migrations"; args=()
07/Nov/2022 11:08:51 [Thread-2:17476] [django.db.backends:109] [DEBUG]- (0.002) SELECT "users"."id", "users"."created_at", "users"."updated_at", "users"."format_created_at", "users"."format_updated_at", "users"."first_name", "users"."last_name", "users"."email", "users"."gender", "users"."password" FROM "users" WHERE "users"."email" = '1@1.com' ORDER BY "users"."id" ASC  LIMIT 1; args=('1@1.com',)
07/Nov/2022 11:08:51 [Thread-2:17476] [django.db.backends:109] [DEBUG]- (0.033) SELECT COUNT(*) AS "__count" FROM "goods"; args=()
07/Nov/2022 11:08:51 [Thread-2:17476] [django.db.backends:109] [DEBUG]- (0.001) SELECT "goods"."id", "goods"."created_at", "goods"."updated_at", "goods"."format_created_at", "goods"."format_updated_at", "goods"."name", "goods"."price", "goods"."kind", "goods"."stock", "goods"."introduce" FROM "goods"  LIMIT 5; args=()
07/Nov/2022 11:08:51 [Thread-2:17476] [django.server:154] [INFO]- "GET /api/goos/get-goods?offset=0&limit=5 HTTP/1.1" 200 342
07/Nov/2022 11:10:53 [Dummy-1:11564] [django.db.backends:109] [DEBUG]- (0.006) 
            SELECT c.relname, c.relkind
            FROM pg_catalog.pg_class c
            LEFT JOIN pg_catalog.pg_namespace n ON n.oid = c.relnamespace
            WHERE c.relkind IN ('r', 'v')
                AND n.nspname NOT IN ('pg_catalog', 'pg_toast')
                AND pg_catalog.pg_table_is_visible(c.oid); args=None
07/Nov/2022 11:10:53 [Dummy-1:11564] [django.db.backends:109] [DEBUG]- (0.001) SELECT "django_migrations"."app", "django_migrations"."name" FROM "django_migrations"; args=()
07/Nov/2022 11:21:52 [Dummy-1:22968] [django.db.backends:109] [DEBUG]- (0.006) 
            SELECT c.relname, c.relkind
            FROM pg_catalog.pg_class c
            LEFT JOIN pg_catalog.pg_namespace n ON n.oid = c.relnamespace
            WHERE c.relkind IN ('r', 'v')
                AND n.nspname NOT IN ('pg_catalog', 'pg_toast')
                AND pg_catalog.pg_table_is_visible(c.oid); args=None
07/Nov/2022 11:21:52 [Dummy-1:22968] [django.db.backends:109] [DEBUG]- (0.002) SELECT "django_migrations"."app", "django_migrations"."name" FROM "django_migrations"; args=()
07/Nov/2022 11:24:14 [Dummy-1:13128] [django.db.backends:109] [DEBUG]- (0.005) 
            SELECT c.relname, c.relkind
            FROM pg_catalog.pg_class c
            LEFT JOIN pg_catalog.pg_namespace n ON n.oid = c.relnamespace
            WHERE c.relkind IN ('r', 'v')
                AND n.nspname NOT IN ('pg_catalog', 'pg_toast')
                AND pg_catalog.pg_table_is_visible(c.oid); args=None
07/Nov/2022 11:24:14 [Dummy-1:13128] [django.db.backends:109] [DEBUG]- (0.001) SELECT "django_migrations"."app", "django_migrations"."name" FROM "django_migrations"; args=()
